<?xml version="1.0" encoding="UTF-8"?>
<!-- Generated by org.testng.reporters.JUnitReportReporter -->
<testsuite skipped="0" hostname="KnightRider" name="example.NewTest" tests="1" failures="0" timestamp="2021-05-30T19:27:02 IST" time="25.487" errors="0">
  <testcase name="testEasy" time="25.487" classname="example.NewTest"/>
  <system-out/>
</testsuite> <!-- example.NewTest -->
